<?xml version="1.0" encoding="UTF-8"?>
<TestRun id="09bdd774-3bae-4f5e-ba46-f754d86b26a4" name="Lancer@REMBO 2014-06-12 08:30:57" runUser="REMBO\Lancer" xmlns="http://microsoft.com/schemas/VisualStudio/TeamTest/2006">
  <TestRunConfiguration name="Default Run Configuration" id="b21c89d6-8283-4121-89c1-8f1fe6de891b">
    <Deployment userDeploymentRoot="D:\Projects\dot.net\HoneyProduct\Honey\TestResults" useDefaultDeploymentRoot="false" runDeploymentRoot="D:\Projects\dot.net\HoneyProduct\Honey\TestResults\Lancer_REMBO 2014-06-12 08_30_57">
      <DeploymentItem filename="D:\Projects\dot.net\HoneyProduct\Honey\LINQtoCSV\bin\Debug\LINQtoCSV.dll" />
      <DeploymentItem filename="D:\Projects\dot.net\HoneyProduct\Honey\DAL\bin\Debug\Honey.DAL.dll" />
      <DeploymentItem filename="D:\Projects\dot.net\HoneyProduct\Honey\Common\bin\Debug\Honey.Common.dll" />
    </Deployment>
    <Hosts skipUnhostableTests="false" />
    <TestTypeSpecific />
  </TestRunConfiguration>
  <ResultSummary outcome="Error">
    <Counters total="1" executed="1" error="0" failed="0" timeout="0" aborted="1" inconclusive="0" passedButRunAborted="0" notRunnable="0" notExecuted="0" disconnected="0" warning="0" passed="0" completed="0" inProgress="0" pending="0" />
    <RunInfos>
      <RunInfo computerName="REMBO" outcome="Error" timestamp="2014-06-12T08:31:06.8437500+03:00">
        <Text>Test host process exited unexpectedly.</Text>
      </RunInfo>
    </RunInfos>
  </ResultSummary>
  <Times creation="2014-06-12T08:30:57.0625000+03:00" queuing="2014-06-12T08:30:58.7812500+03:00" start="2014-06-12T08:30:58.9218750+03:00" finish="2014-06-12T08:31:06.8437500+03:00" />
  <TestDefinitions>
    <UnitTest name="AddTest" storage="d:\projects\dot.net\honeyproduct\honey\test\bin\debug\honey.test.dll" id="9641e4df-c17a-297a-2ae2-99b7d083128f">
      <Css projectStructure="" iteration="" />
      <Owners>
        <Owner name="" />
      </Owners>
      <Execution id="0a3ac439-bf4a-466b-bd44-dc4d3b86538c" />
      <TestMethod codeBase="D:\Projects\dot.net\HoneyProduct\Honey\Test\bin\Debug\Honey.Test.dll" adapterTypeName="Microsoft.VisualStudio.TestTools.TestTypes.Unit.UnitTestAdapter, Microsoft.VisualStudio.QualityTools.Tips.UnitTest.Adapter, Version=9.0.0.0, Culture=neutral, PublicKeyToken=b03f5f7f11d50a3a" className="Honey.Test.SubscriberCRUDTest, Honey.Test" name="AddTest" />
    </UnitTest>
  </TestDefinitions>
  <TestLists>
    <TestList name="Results Not in a List" id="8c84fa94-04c1-424b-9868-57a2d4851a1d" />
    <TestList name="All Loaded Results" id="19431567-8539-422a-85d7-44ee4e166bda" />
  </TestLists>
  <TestEntries>
    <TestEntry testId="9641e4df-c17a-297a-2ae2-99b7d083128f" executionId="df902e4a-be83-40aa-b9b8-35db411b4a10" testListId="8c84fa94-04c1-424b-9868-57a2d4851a1d" />
  </TestEntries>
  <Results>
    <UnitTestResult executionId="df902e4a-be83-40aa-b9b8-35db411b4a10" testId="9641e4df-c17a-297a-2ae2-99b7d083128f" testName="AddTest" computerName="REMBO" duration="00:00:07.7968750" startTime="2014-06-12T08:30:59.0468750+03:00" endTime="2014-06-12T08:31:06.8437500+03:00" testType="13cdc9d9-ddb5-4fa4-a97d-d965ccfc6d4b" outcome="Aborted" testListId="8c84fa94-04c1-424b-9868-57a2d4851a1d">
    </UnitTestResult>
  </Results>
</TestRun>