<?xml version="1.0" encoding="UTF-8"?>
<TestRun id="86eb2153-51e6-4d9d-b1e7-0b5a25bfb3ef" name="Lancer@REMBO 2014-06-12 08:23:27" runUser="REMBO\Lancer" xmlns="http://microsoft.com/schemas/VisualStudio/TeamTest/2006">
  <TestRunConfiguration name="Default Run Configuration" id="54a8a617-9391-409c-81c5-3920d54280ae">
    <Deployment runDeploymentRoot="D:\Projects\dot.net\HoneyProduct\Honey\TestResults\Lancer_REMBO 2014-06-12 08_23_27">
      <DeploymentItem filename="D:\Projects\dot.net\HoneyProduct\Honey\LINQtoCSV\bin\Debug\LINQtoCSV.dll" />
      <DeploymentItem filename="D:\Projects\dot.net\HoneyProduct\Honey\DAL\bin\Debug\Honey.DAL.dll" />
      <DeploymentItem filename="D:\Projects\dot.net\HoneyProduct\Honey\Common\bin\Debug\Honey.Common.dll" />
    </Deployment>
    <Hosts skipUnhostableTests="false" />
    <TestTypeSpecific />
  </TestRunConfiguration>
  <ResultSummary outcome="Failed">
    <Counters total="1" executed="1" error="0" failed="1" timeout="0" aborted="0" inconclusive="0" passedButRunAborted="0" notRunnable="0" notExecuted="0" disconnected="0" warning="0" passed="0" completed="0" inProgress="0" pending="0" />
  </ResultSummary>
  <Times creation="2014-06-12T08:23:27.5000000+03:00" queuing="2014-06-12T08:23:29.4531250+03:00" start="2014-06-12T08:23:29.7500000+03:00" finish="2014-06-12T08:23:30.2812500+03:00" />
  <TestDefinitions>
    <UnitTest name="AddTest" storage="d:\projects\dot.net\honeyproduct\honey\test\bin\debug\honey.test.dll" id="9641e4df-c17a-297a-2ae2-99b7d083128f">
      <Css projectStructure="" iteration="" />
      <Owners>
        <Owner name="" />
      </Owners>
      <Execution id="aeade5c8-345d-466b-9bf9-8474f839540f" />
      <TestMethod codeBase="D:\Projects\dot.net\HoneyProduct\Honey\Test\bin\Debug\Honey.Test.dll" adapterTypeName="Microsoft.VisualStudio.TestTools.TestTypes.Unit.UnitTestAdapter, Microsoft.VisualStudio.QualityTools.Tips.UnitTest.Adapter, Version=9.0.0.0, Culture=neutral, PublicKeyToken=b03f5f7f11d50a3a" className="Honey.Test.SubscriberCRUDTest, Honey.Test" name="AddTest" />
    </UnitTest>
  </TestDefinitions>
  <TestLists>
    <TestList name="Results Not in a List" id="8c84fa94-04c1-424b-9868-57a2d4851a1d" />
    <TestList name="All Loaded Results" id="19431567-8539-422a-85d7-44ee4e166bda" />
  </TestLists>
  <TestEntries>
    <TestEntry testId="9641e4df-c17a-297a-2ae2-99b7d083128f" executionId="aeade5c8-345d-466b-9bf9-8474f839540f" testListId="8c84fa94-04c1-424b-9868-57a2d4851a1d" />
  </TestEntries>
  <Results>
    <UnitTestResult executionId="aeade5c8-345d-466b-9bf9-8474f839540f" testId="9641e4df-c17a-297a-2ae2-99b7d083128f" testName="AddTest" computerName="REMBO" duration="00:00:00.0477228" startTime="2014-06-12T08:23:29.7968750+03:00" endTime="2014-06-12T08:23:30.2187500+03:00" testType="13cdc9d9-ddb5-4fa4-a97d-d965ccfc6d4b" outcome="Failed" testListId="8c84fa94-04c1-424b-9868-57a2d4851a1d">
      <Output>
        <Exception>Exception has been thrown by the target of an invocation.</Exception>
        <ErrorInfo>
          <Message>Unable to create instance of class Honey.Test.SubscriberCRUDTest. Error:  Microsoft.VisualStudio.TestTools.UnitTesting.AssertFailedException: Assert.AreEqual failed. Expected:&lt;D:/Projects/dot.net/HoneyProduct/Honey/Honey/Recipien.csv&gt;. Actual:&lt;D:/Projects/dot.net/HoneyProduct/Honey/Honey/Data/Recipient.csv&gt;. .</Message>
          <StackTrace>   at Honey.Test.SubscriberCRUDTest..ctor() in D:\Projects\dot.net\HoneyProduct\Honey\Test\SubscriberCRUDTest.cs:line 20
</StackTrace>
        </ErrorInfo>
      </Output>
    </UnitTestResult>
  </Results>
</TestRun>