<?xml version="1.0" encoding="UTF-8"?>
<TestRun id="69fde5b4-6dbf-4d76-9196-4f81652efb1f" name="Lancer@REMBO 2014-06-12 08:40:33" runUser="REMBO\Lancer" xmlns="http://microsoft.com/schemas/VisualStudio/TeamTest/2006">
  <TestRunConfiguration name="Default Run Configuration" id="3cf2c6c3-c816-4b79-8d2c-5f4e499568c2">
    <Deployment runDeploymentRoot="D:\Projects\dot.net\HoneyProduct\Honey\TestResults\Lancer_REMBO 2014-06-12 08_40_33">
      <DeploymentItem filename="D:\Projects\dot.net\HoneyProduct\Honey\LINQtoCSV\bin\Debug\LINQtoCSV.dll" />
      <DeploymentItem filename="D:\Projects\dot.net\HoneyProduct\Honey\DAL\bin\Debug\Honey.DAL.dll" />
      <DeploymentItem filename="D:\Projects\dot.net\HoneyProduct\Honey\Common\bin\Debug\Honey.Common.dll" />
    </Deployment>
    <Hosts skipUnhostableTests="false" />
    <TestTypeSpecific />
  </TestRunConfiguration>
  <ResultSummary outcome="Failed">
    <Counters total="2" executed="2" error="0" failed="2" timeout="0" aborted="0" inconclusive="0" passedButRunAborted="0" notRunnable="0" notExecuted="0" disconnected="0" warning="0" passed="0" completed="0" inProgress="0" pending="0" />
  </ResultSummary>
  <Times creation="2014-06-12T08:40:33.1250000+03:00" queuing="2014-06-12T08:40:33.3281250+03:00" start="2014-06-12T08:40:33.3906250+03:00" finish="2014-06-12T08:40:33.8437500+03:00" />
  <TestDefinitions>
    <UnitTest name="AddTest" storage="d:\projects\dot.net\honeyproduct\honey\test\bin\debug\honey.test.dll" id="9641e4df-c17a-297a-2ae2-99b7d083128f">
      <Css projectStructure="" iteration="" />
      <Owners>
        <Owner name="" />
      </Owners>
      <Execution id="590dc202-e8ed-48e3-ba9d-97a60462893a" />
      <TestMethod codeBase="D:\Projects\dot.net\HoneyProduct\Honey\Test\bin\Debug\Honey.Test.dll" adapterTypeName="Microsoft.VisualStudio.TestTools.TestTypes.Unit.UnitTestAdapter, Microsoft.VisualStudio.QualityTools.Tips.UnitTest.Adapter, Version=9.0.0.0, Culture=neutral, PublicKeyToken=b03f5f7f11d50a3a" className="Honey.Test.SubscriberCRUDTest, Honey.Test" name="AddTest" />
    </UnitTest>
    <UnitTest name="GetListTest" storage="d:\projects\dot.net\honeyproduct\honey\test\bin\debug\honey.test.dll" id="62434447-6b72-a75d-1655-bbcac9f4d18f">
      <Css projectStructure="" iteration="" />
      <Owners>
        <Owner name="" />
      </Owners>
      <Execution id="e5b62667-eede-4689-8b05-1f97a5666e6f" />
      <TestMethod codeBase="D:\Projects\dot.net\HoneyProduct\Honey\Test\bin\Debug\Honey.Test.dll" adapterTypeName="Microsoft.VisualStudio.TestTools.TestTypes.Unit.UnitTestAdapter, Microsoft.VisualStudio.QualityTools.Tips.UnitTest.Adapter, Version=9.0.0.0, Culture=neutral, PublicKeyToken=b03f5f7f11d50a3a" className="Honey.Test.SubscriberCRUDTest, Honey.Test" name="GetListTest" />
    </UnitTest>
  </TestDefinitions>
  <TestLists>
    <TestList name="Results Not in a List" id="8c84fa94-04c1-424b-9868-57a2d4851a1d" />
    <TestList name="All Loaded Results" id="19431567-8539-422a-85d7-44ee4e166bda" />
  </TestLists>
  <TestEntries>
    <TestEntry testId="62434447-6b72-a75d-1655-bbcac9f4d18f" executionId="e5b62667-eede-4689-8b05-1f97a5666e6f" testListId="8c84fa94-04c1-424b-9868-57a2d4851a1d" />
    <TestEntry testId="9641e4df-c17a-297a-2ae2-99b7d083128f" executionId="590dc202-e8ed-48e3-ba9d-97a60462893a" testListId="8c84fa94-04c1-424b-9868-57a2d4851a1d" />
  </TestEntries>
  <Results>
    <UnitTestResult executionId="e5b62667-eede-4689-8b05-1f97a5666e6f" testId="62434447-6b72-a75d-1655-bbcac9f4d18f" testName="GetListTest" computerName="REMBO" duration="00:00:00.1163793" startTime="2014-06-12T08:40:33.3906250+03:00" endTime="2014-06-12T08:40:33.8281250+03:00" testType="13cdc9d9-ddb5-4fa4-a97d-d965ccfc6d4b" outcome="Failed" testListId="8c84fa94-04c1-424b-9868-57a2d4851a1d">
      <Output>
        <ErrorInfo>
          <Message>Assert.AreEqual failed. Expected:&lt;2&gt;. Actual:&lt;1&gt;. </Message>
          <StackTrace>   at Honey.Test.SubscriberCRUDTest.GetListTest() in D:\Projects\dot.net\HoneyProduct\Honey\Test\SubscriberCRUDTest.cs:line 22
</StackTrace>
        </ErrorInfo>
      </Output>
    </UnitTestResult>
    <UnitTestResult executionId="590dc202-e8ed-48e3-ba9d-97a60462893a" testId="9641e4df-c17a-297a-2ae2-99b7d083128f" testName="AddTest" computerName="REMBO" duration="00:00:00.0027503" startTime="2014-06-12T08:40:33.8281250+03:00" endTime="2014-06-12T08:40:33.8281250+03:00" testType="13cdc9d9-ddb5-4fa4-a97d-d965ccfc6d4b" outcome="Failed" testListId="8c84fa94-04c1-424b-9868-57a2d4851a1d">
      <Output>
        <ErrorInfo>
          <Message>Assert.IsTrue failed. </Message>
          <StackTrace>   at Honey.Test.SubscriberCRUDTest.AddTest() in D:\Projects\dot.net\HoneyProduct\Honey\Test\SubscriberCRUDTest.cs:line 29
</StackTrace>
        </ErrorInfo>
      </Output>
    </UnitTestResult>
  </Results>
</TestRun>