<?xml version="1.0" encoding="UTF-8"?>
<TestRun id="43705f99-4934-4a42-a36d-28d092da9ba9" name="Lancer@REMBO 2014-06-12 08:39:42" runUser="REMBO\Lancer" xmlns="http://microsoft.com/schemas/VisualStudio/TeamTest/2006">
  <TestRunConfiguration name="Default Run Configuration" id="5afead00-d14f-4dd7-a31e-f6e4c74460c3">
    <Deployment runDeploymentRoot="D:\Projects\dot.net\HoneyProduct\Honey\TestResults\Lancer_REMBO 2014-06-12 08_39_42">
      <DeploymentItem filename="D:\Projects\dot.net\HoneyProduct\Honey\LINQtoCSV\bin\Debug\LINQtoCSV.dll" />
      <DeploymentItem filename="D:\Projects\dot.net\HoneyProduct\Honey\DAL\bin\Debug\Honey.DAL.dll" />
      <DeploymentItem filename="D:\Projects\dot.net\HoneyProduct\Honey\Common\bin\Debug\Honey.Common.dll" />
    </Deployment>
    <Hosts skipUnhostableTests="false" />
    <TestTypeSpecific />
  </TestRunConfiguration>
  <ResultSummary outcome="Completed">
    <Counters total="1" executed="1" passed="1" error="0" failed="0" timeout="0" aborted="0" inconclusive="0" passedButRunAborted="0" notRunnable="0" notExecuted="0" disconnected="0" warning="0" completed="0" inProgress="0" pending="0" />
  </ResultSummary>
  <Times creation="2014-06-12T08:39:42.0468750+03:00" queuing="2014-06-12T08:39:42.2968750+03:00" start="2014-06-12T08:39:42.3593750+03:00" finish="2014-06-12T08:39:42.7500000+03:00" />
  <TestDefinitions>
    <UnitTest name="GetListTest" storage="d:\projects\dot.net\honeyproduct\honey\test\bin\debug\honey.test.dll" id="62434447-6b72-a75d-1655-bbcac9f4d18f">
      <Css projectStructure="" iteration="" />
      <Owners>
        <Owner name="" />
      </Owners>
      <Execution id="feea47fe-42bd-4643-b900-ed55f240594a" />
      <TestMethod codeBase="D:\Projects\dot.net\HoneyProduct\Honey\Test\bin\Debug\Honey.Test.dll" adapterTypeName="Microsoft.VisualStudio.TestTools.TestTypes.Unit.UnitTestAdapter, Microsoft.VisualStudio.QualityTools.Tips.UnitTest.Adapter, Version=9.0.0.0, Culture=neutral, PublicKeyToken=b03f5f7f11d50a3a" className="Honey.Test.SubscriberCRUDTest, Honey.Test" name="GetListTest" />
    </UnitTest>
  </TestDefinitions>
  <TestLists>
    <TestList name="Results Not in a List" id="8c84fa94-04c1-424b-9868-57a2d4851a1d" />
    <TestList name="All Loaded Results" id="19431567-8539-422a-85d7-44ee4e166bda" />
  </TestLists>
  <TestEntries>
    <TestEntry testId="62434447-6b72-a75d-1655-bbcac9f4d18f" executionId="feea47fe-42bd-4643-b900-ed55f240594a" testListId="8c84fa94-04c1-424b-9868-57a2d4851a1d" />
  </TestEntries>
  <Results>
    <UnitTestResult executionId="feea47fe-42bd-4643-b900-ed55f240594a" testId="62434447-6b72-a75d-1655-bbcac9f4d18f" testName="GetListTest" computerName="REMBO" duration="00:00:00.0561035" startTime="2014-06-12T08:39:42.3593750+03:00" endTime="2014-06-12T08:39:42.7343750+03:00" testType="13cdc9d9-ddb5-4fa4-a97d-d965ccfc6d4b" outcome="Passed" testListId="8c84fa94-04c1-424b-9868-57a2d4851a1d">
      <Output>
      </Output>
    </UnitTestResult>
  </Results>
</TestRun>